2025-05-08 09:57:38 - chat2table - INFO - 在input文件夹中找到 2 个文件
2025-05-08 09:57:38 - chat2table - INFO - 正在读取PDF第 1 页
2025-05-08 09:57:38 - chat2table - INFO - 正在读取PDF第 2 页
2025-05-08 09:57:38 - chat2table - INFO - 已成功读取 2 个文件，正在统一打包给大模型进行分析...
2025-05-08 09:57:38 - chat2table - INFO - 开始批量处理 2 张图片
2025-05-08 09:57:38 - chat2table - INFO - 正在准备第 1/2 张图片
2025-05-08 09:57:38 - chat2table - INFO - 正在准备第 2/2 张图片
2025-05-08 09:57:38 - chat2table - INFO - 正在进行图片识别...
2025-05-08 09:57:39 - chat2table - DEBUG - === 图像识别输入提示 ===
2025-05-08 09:57:39 - chat2table - DEBUG - 系统提示: 你是一个专业的图像分析助手，擅长详细描述图像内容。
2025-05-08 09:57:39 - chat2table - DEBUG - 用户提示: 
请仔细观察并描述图片内容。要求如下：

1. 单据信息识别：
   - 单据标题
   - 单据日期
   - 单据编号
   - 单据类型
   - 单据备注
   - 货主信息
   - 仓库信息

2. 明细信息识别：
   - 厂家（包括敬业、承钢、首钢长治、河钢、宁钢等）
   - 品种（包括螺纹、盘钢、圆钢、线材等）
   - 材质
   - 规格
   - 价格
   - 供应商

3. 表格识别要求：
   - 详细解释图片中所有数据或表格所表达的含义，确保内容准确、逻辑清晰
   - 以分层结构输出表格内容，每一层代表一个单元格合并区域或单元项
   - 采用缩进或分组表示层级关系
   - 附加必要的行合并/列合并说明，但保持语义连贯
   - 禁止碎片化输出，不可遗漏任何单元格信息

4. 其他要求：
   - 如果图片中包含多个表格，请分别说明每个表格的内容
   - 如果表格跨页，请说明表格的连续性
   - 如果数据有单位，请一并说明
   - 如果数据有特殊格式（如日期格式），请保持原格式

2025-05-08 09:58:47 - chat2table - DEBUG - === 图像识别输出结果 ===
2025-05-08 09:58:47 - chat2table - DEBUG - ### 图片1: 进仓确认书

#### 单据信息识别：
- **单据标题**: 厦门建发股份有限公司（含下属子公司）进仓确认书
- **单据日期**: 未填写
- **单据编号**: DHDJ250502319767
- **单据类型**: 进仓确认书
- **单据备注**: 
  - 存货方须于实际收货两日内将该《进仓确认书》加盖保管方有效印章后回传存货方。
  - 本文件作为厦门建发股份有限公司或存货方与保管方签订相关合同项下附件，一经确认，即视为保管方对存货方在相关合同项下的库存确认。
- **货主信息**: 天津建发物资有限公司
- **仓库信息**: 沈阳钢材配送中心（仓库），地址：辽宁省沈阳市铁西区北一路

#### 明细信息识别：
- **厂家**: 敬业中展
- **品种**: 盘螺
- **材质**: HRB400E
- **规格**: 无具体规格信息
- **价格**: 无价格信息
- **供应商**: 无供应商信息

#### 表格内容：
| 序号 | 商品描述 | 数量       | 件数 | 实收情况 |
|------|----------|------------|------|----------|
| 1    | 盘螺     | 387.644吨  | 192件|          |

### 图片2: 进仓单明细

#### 单据信息识别：
- **单据标题**: 进仓单明细
- **单据日期**: 未填写
- **单据编号**: DHDJ250502319767
- **单据类型**: 进仓单明细
- **单据备注**: 无

#### 明细信息识别：
- **厂家**: 敬业中展
- **品种**: 盘螺
- **材质**: HRB400E
- **规格**: 无具体规格信息
- **价格**: 无价格信息
- **供应商**: 无供应商信息

#### 表格内容：
| 序号 | 品名         | 钢卷号 | 车船号 | 数量   | 件数 | 备注   |
|------|--------------|--------|--------|--------|------|--------|
| 1    | 盘螺-HRB400E-10 | 1515119 |        | 48.399吨 | 24件 | 敬业中展 |
| 2    | 盘螺-HRB400E-10 | 1632658 |        | 48.386吨 | 24件 | 敬业中展 |
| 3    | 盘螺-HRB400E-10 | 1676682 |        | 48.557吨 | 24件 | 敬业中展 |
| 4    | 盘螺-HRB400E-10 | 1715267 |        | 48.257吨 | 24件 | 敬业中展 |
| 5    | 盘螺-HRB400E-10 | 1832701 |        | 48.449吨 | 24件 | 敬业中展 |
| 6    | 盘螺-HRB400E-10 | 1844421 |        | 48.465吨 | 24件 | 敬业中展 |
| 7    | 盘螺-HRB400E-10 | 1849196 |        | 48.673吨 | 24件 | 敬业中展 |
| 8    | 盘螺-HRB400E-10 | 1899173 |        | 48.458吨 | 24件 | 敬业中展 |
| 合计 |              |        |        | 387.644吨| 192件|        |

### 总结：
两张图片分别展示了进仓确认书和进仓单明细。进仓确认书主要记录了货物的总体信息，而进仓单明细则详细列出了每一批货物的具体信息，包括钢卷号、数量和件数等。
2025-05-08 09:58:47 - chat2table - INFO - 图片识别完成，正在进行文字处理...
2025-05-08 09:58:47 - chat2table - DEBUG - === 数据分析输入提示 ===
2025-05-08 09:58:47 - chat2table - DEBUG - 系统提示: 你是一个专业的数据分析助手，擅长从文本中提取结构化信息。
2025-05-08 09:58:47 - chat2table - DEBUG - 用户提示: 
请根据识别结果整合数据，仅输出标准 JSON 格式的数据。

字段说明：
1. 单据信息（document_info）：
   - document_title：单据标题
   - document_date：单据日期
   - document_number：单据编号
   - document_type：单据类型
   - document_remarks：单据备注
   - consignor_info：货主信息
   - warehouse_info：仓库信息

2. 明细信息（detail_info）：
   - manufacturer：厂家（包括敬业、承钢、首钢长治、河钢、宁钢等）
   - variety：品种（包括螺纹、盘钢、圆钢、线材等）
   - material：材质
   - specification：规格
   - price：价格
   - supplier：供应商

示例数据如下：
{{
    "document_info": {{
        "document_title": "钢材销售单",
        "document_date": "2024-03-20",
        "document_number": "XS20240320001",
        "document_type": "销售单",
        "document_remarks": "含税价格",
        "consignor_info": "辽宁成大钢铁贸易有限公司",
        "warehouse_info": "沈阳仓库"
    }},
    "detail_info": [{{
        "manufacturer": "北台",
        "variety": "线材",
        "material": "Q235L",
        "specification": "Φ6.5",
        "price": "4200",
        "supplier": "辽宁成大钢铁贸易有限公司"
    }}]
}}

请注意：
- 所有字段统一用英文表示
- 若某字段无内容，请填入 "无"
- 仅输出标准 JSON 格式的数据，禁止输出除 JSON 数据以外的任何内容，包括解释、说明或注释。

图像识别结果如下：
{recognition_result}

2025-05-08 09:58:47 - chat2table - DEBUG - 识别结果: ### 图片1: 进仓确认书

#### 单据信息识别：
- **单据标题**: 厦门建发股份有限公司（含下属子公司）进仓确认书
- **单据日期**: 未填写
- **单据编号**: DHDJ250502319767
- **单据类型**: 进仓确认书
- **单据备注**: 
  - 存货方须于实际收货两日内将该《进仓确认书》加盖保管方有效印章后回传存货方。
  - 本文件作为厦门建发股份有限公司或存货方与保管方签订相关合同项下附件，一经确认，即视为保管方对存货方在相关合同项下的库存确认。
- **货主信息**: 天津建发物资有限公司
- **仓库信息**: 沈阳钢材配送中心（仓库），地址：辽宁省沈阳市铁西区北一路

#### 明细信息识别：
- **厂家**: 敬业中展
- **品种**: 盘螺
- **材质**: HRB400E
- **规格**: 无具体规格信息
- **价格**: 无价格信息
- **供应商**: 无供应商信息

#### 表格内容：
| 序号 | 商品描述 | 数量       | 件数 | 实收情况 |
|------|----------|------------|------|----------|
| 1    | 盘螺     | 387.644吨  | 192件|          |

### 图片2: 进仓单明细

#### 单据信息识别：
- **单据标题**: 进仓单明细
- **单据日期**: 未填写
- **单据编号**: DHDJ250502319767
- **单据类型**: 进仓单明细
- **单据备注**: 无

#### 明细信息识别：
- **厂家**: 敬业中展
- **品种**: 盘螺
- **材质**: HRB400E
- **规格**: 无具体规格信息
- **价格**: 无价格信息
- **供应商**: 无供应商信息

#### 表格内容：
| 序号 | 品名         | 钢卷号 | 车船号 | 数量   | 件数 | 备注   |
|------|--------------|--------|--------|--------|------|--------|
| 1    | 盘螺-HRB400E-10 | 1515119 |        | 48.399吨 | 24件 | 敬业中展 |
| 2    | 盘螺-HRB400E-10 | 1632658 |        | 48.386吨 | 24件 | 敬业中展 |
| 3    | 盘螺-HRB400E-10 | 1676682 |        | 48.557吨 | 24件 | 敬业中展 |
| 4    | 盘螺-HRB400E-10 | 1715267 |        | 48.257吨 | 24件 | 敬业中展 |
| 5    | 盘螺-HRB400E-10 | 1832701 |        | 48.449吨 | 24件 | 敬业中展 |
| 6    | 盘螺-HRB400E-10 | 1844421 |        | 48.465吨 | 24件 | 敬业中展 |
| 7    | 盘螺-HRB400E-10 | 1849196 |        | 48.673吨 | 24件 | 敬业中展 |
| 8    | 盘螺-HRB400E-10 | 1899173 |        | 48.458吨 | 24件 | 敬业中展 |
| 合计 |              |        |        | 387.644吨| 192件|        |

### 总结：
两张图片分别展示了进仓确认书和进仓单明细。进仓确认书主要记录了货物的总体信息，而进仓单明细则详细列出了每一批货物的具体信息，包括钢卷号、数量和件数等。
2025-05-08 09:58:58 - chat2table - DEBUG - === 数据分析输出结果 ===
2025-05-08 09:58:58 - chat2table - DEBUG - {
    "document_info": {
        "document_title": "厦门建发股份有限公司（含下属子公司）进仓确认书",
        "document_date": "无",
        "document_number": "DHDJ250502319767",
        "document_type": "进仓确认书",
        "document_remarks": "存货方须于实际收货两日内将该《进仓确认书》加盖保管方有效印章后回传存货方。本文件作为厦门建发股份有限公司或存货方与保管方签订相关合同项下附件，一经确认，即视为保管方对存货方在相关合同项下的库存确认。",
        "consignor_info": "天津建发物资有限公司",
        "warehouse_info": "沈阳钢材配送中心（仓库），地址：辽宁省沈阳市铁西区北一路"
    },
    "detail_info": [
        {
            "manufacturer": "敬业中展",
            "variety": "盘螺",
            "material": "HRB400E",
            "specification": "无",
            "price": "无",
            "supplier": "无"
        }
    ]
}
2025-05-08 09:58:58 - chat2table - INFO - 批量分析完成
2025-05-08 09:58:58 - chat2table - INFO - 结果已保存到: output/result_1746669538.json
2025-05-08 10:07:09 - chat2table - INFO - 在input文件夹中找到 2 个文件
2025-05-08 10:07:09 - chat2table - INFO - 正在读取PDF第 1 页
2025-05-08 10:07:09 - chat2table - INFO - 正在读取PDF第 2 页
2025-05-08 10:07:09 - chat2table - INFO - 已成功读取 2 个文件，正在统一打包给大模型进行分析...
2025-05-08 10:07:09 - chat2table - INFO - 开始批量处理 2 张图片
2025-05-08 10:07:09 - chat2table - INFO - 正在准备第 1/2 张图片
2025-05-08 10:07:09 - chat2table - INFO - 正在准备第 2/2 张图片
2025-05-08 10:07:09 - chat2table - INFO - 正在进行图片识别...
2025-05-08 10:07:09 - chat2table - DEBUG - === 图像识别输入提示 ===
2025-05-08 10:07:09 - chat2table - DEBUG - 系统提示: 你是一个专业的图像分析助手，擅长详细描述图像内容。
2025-05-08 10:07:09 - chat2table - DEBUG - 用户提示: 
请仔细观察并描述图片内容。要求如下：

1. 单据信息识别：
   - 单据标题
   - 单据日期
   - 单据编号
   - 单据类型
   - 单据备注
   - 货主信息
   - 仓库信息

2. 表格识别要求：
   - 首先识别图片中的表格结构，包括表头、行数、列数
   - 详细解释表格中所有数据所表达的含义，确保内容准确、逻辑清晰
   - 以分层结构输出表格内容，每一层代表一个单元格合并区域或单元项
   - 采用缩进或分组表示层级关系
   - 附加必要的行合并/列合并说明，但保持语义连贯
   - 禁止碎片化输出，不可遗漏任何单元格信息

3. 其他要求：
   - 如果图片中包含多个表格，请分别说明每个表格的内容
   - 如果表格跨页，请说明表格的连续性
   - 如果数据有单位，请一并说明
   - 如果数据有特殊格式（如日期格式），请保持原格式
   - 对于表格中的每一行数据，请完整提取所有字段信息

2025-05-08 10:07:34 - chat2table - DEBUG - === 图像识别输出结果 ===
2025-05-08 10:07:34 - chat2table - DEBUG - ### 图片1: 进仓确认书

#### 单据信息识别
- **单据标题**: 厦门建发股份有限公司（含下属子公司）进仓确认书
- **单据日期**: 未填写
- **单据编号**: DHDJ250502319767
- **单据类型**: 进仓确认书
- **单据备注**: 
  - 存货方须于实际收货两日内将该《进仓确认书》加盖保管方有效印章后回传存货方。
  - 本文件作为厦门建发股份有限公司或存货方与保管方签订相关合同项下附件，一经确认，即视为保管方对存货方在相关合同项下的库存确认。
- **货主信息**: 天津建发物资有限公司
- **仓库信息**: 沈阳钢材配送中心（仓库），地址：辽宁省沈阳市铁西区北一路

#### 表格识别
| 序号 | 商品描述 | 数量       | 件数 | 实收情况 |
|------|----------|------------|------|----------|
| 1    | 盘螺     | 387.644吨  | 192件|          |

### 图片2: 进仓单明细

#### 表格识别
| 序号 | 品名         | 钢卷号   | 车船号 | 数量      | 件数 | 备注     |
|------|--------------|----------|--------|-----------|------|----------|
| 1    | 盘螺-HRB400E-10 | 1515119 |        | 48.399吨 | 24件 | 敬业中展 |
| 2    | 盘螺-HRB400E-10 | 1632658 |        | 48.386吨 | 24件 | 敬业中展 |
| 3    | 盘螺-HRB400E-10 | 1676682 |        | 48.557吨 | 24件 | 敬业中展 |
| 4    | 盘螺-HRB400E-10 | 1715267 |        | 48.257吨 | 24件 | 敬业中展 |
| 5    | 盘螺-HRB400E-10 | 1832701 |        | 48.449吨 | 24件 | 敬业中展 |
| 6    | 盘螺-HRB400E-10 | 1844421 |        | 48.465吨 | 24件 | 敬业中展 |
| 7    | 盘螺-HRB400E-10 | 1849196 |        | 48.673吨 | 24件 | 敬业中展 |
| 8    | 盘螺-HRB400E-10 | 1899173 |        | 48.458吨 | 24件 | 敬业中展 |

#### 合计
- 总数量: 387.644吨
- 总件数: 192件
2025-05-08 10:07:34 - chat2table - INFO - 图片识别完成，正在进行文字处理...
2025-05-08 10:07:34 - chat2table - DEBUG - === 数据分析输入提示 ===
2025-05-08 10:07:34 - chat2table - DEBUG - 系统提示: 你是一个专业的数据分析助手，擅长从文本中提取结构化信息。
2025-05-08 10:07:34 - chat2table - DEBUG - 用户提示: 
请根据识别结果整合数据，仅输出标准 JSON 格式的数据。

字段说明：
1. 单据信息（document_info）：
   - document_title：单据标题
   - document_date：单据日期
   - document_number：单据编号
   - document_type：单据类型
   - document_remarks：单据备注
   - consignor_info：货主信息
   - warehouse_info：仓库信息

2. 明细信息（detail_info）：
   - manufacturer：厂家（包括敬业、承钢、首钢长治、河钢、宁钢等）
   - variety：品种（包括螺纹、盘钢、圆钢、线材等）
   - material：材质
   - specification：规格
   - price：价格
   - supplier：供应商

示例数据如下：
{{
    "document_info": {{
        "document_title": "钢材销售单",
        "document_date": "2024-03-20",
        "document_number": "XS20240320001",
        "document_type": "销售单",
        "document_remarks": "含税价格",
        "consignor_info": "辽宁成大钢铁贸易有限公司",
        "warehouse_info": "沈阳仓库"
    }},
    "detail_info": [{{
        "manufacturer": "北台",
        "variety": "线材",
        "material": "Q235L",
        "specification": "Φ6.5",
        "price": "4200",
        "supplier": "辽宁成大钢铁贸易有限公司"
    }}]
}}

请注意：
- 所有字段统一用英文表示
- 若某字段无内容，请填入 "无"
- 仅输出标准 JSON 格式的数据，禁止输出除 JSON 数据以外的任何内容，包括解释、说明或注释。

图像识别结果如下：
{recognition_result}

2025-05-08 10:07:34 - chat2table - DEBUG - 识别结果: ### 图片1: 进仓确认书

#### 单据信息识别
- **单据标题**: 厦门建发股份有限公司（含下属子公司）进仓确认书
- **单据日期**: 未填写
- **单据编号**: DHDJ250502319767
- **单据类型**: 进仓确认书
- **单据备注**: 
  - 存货方须于实际收货两日内将该《进仓确认书》加盖保管方有效印章后回传存货方。
  - 本文件作为厦门建发股份有限公司或存货方与保管方签订相关合同项下附件，一经确认，即视为保管方对存货方在相关合同项下的库存确认。
- **货主信息**: 天津建发物资有限公司
- **仓库信息**: 沈阳钢材配送中心（仓库），地址：辽宁省沈阳市铁西区北一路

#### 表格识别
| 序号 | 商品描述 | 数量       | 件数 | 实收情况 |
|------|----------|------------|------|----------|
| 1    | 盘螺     | 387.644吨  | 192件|          |

### 图片2: 进仓单明细

#### 表格识别
| 序号 | 品名         | 钢卷号   | 车船号 | 数量      | 件数 | 备注     |
|------|--------------|----------|--------|-----------|------|----------|
| 1    | 盘螺-HRB400E-10 | 1515119 |        | 48.399吨 | 24件 | 敬业中展 |
| 2    | 盘螺-HRB400E-10 | 1632658 |        | 48.386吨 | 24件 | 敬业中展 |
| 3    | 盘螺-HRB400E-10 | 1676682 |        | 48.557吨 | 24件 | 敬业中展 |
| 4    | 盘螺-HRB400E-10 | 1715267 |        | 48.257吨 | 24件 | 敬业中展 |
| 5    | 盘螺-HRB400E-10 | 1832701 |        | 48.449吨 | 24件 | 敬业中展 |
| 6    | 盘螺-HRB400E-10 | 1844421 |        | 48.465吨 | 24件 | 敬业中展 |
| 7    | 盘螺-HRB400E-10 | 1849196 |        | 48.673吨 | 24件 | 敬业中展 |
| 8    | 盘螺-HRB400E-10 | 1899173 |        | 48.458吨 | 24件 | 敬业中展 |

#### 合计
- 总数量: 387.644吨
- 总件数: 192件
2025-05-08 10:08:07 - chat2table - DEBUG - === 数据分析输出结果 ===
2025-05-08 10:08:07 - chat2table - DEBUG - {
    "document_info": {
        "document_title": "厦门建发股份有限公司（含下属子公司）进仓确认书",
        "document_date": "无",
        "document_number": "DHDJ250502319767",
        "document_type": "进仓确认书",
        "document_remarks": "存货方须于实际收货两日内将该《进仓确认书》加盖保管方有效印章后回传存货方。本文件作为厦门建发股份有限公司或存货方与保管方签订相关合同项下附件，一经确认，即视为保管方对存货方在相关合同项下的库存确认。",
        "consignor_info": "天津建发物资有限公司",
        "warehouse_info": "沈阳钢材配送中心（仓库），地址：辽宁省沈阳市铁西区北一路"
    },
    "detail_info": [
        {
            "manufacturer": "敬业中展",
            "variety": "盘螺",
            "material": "HRB400E-10",
            "specification": "无",
            "price": "无",
            "supplier": "无"
        },
        {
            "manufacturer": "敬业中展",
            "variety": "盘螺",
            "material": "HRB400E-10",
            "specification": "无",
            "price": "无",
            "supplier": "无"
        },
        {
            "manufacturer": "敬业中展",
            "variety": "盘螺",
            "material": "HRB400E-10",
            "specification": "无",
            "price": "无",
            "supplier": "无"
        },
        {
            "manufacturer": "敬业中展",
            "variety": "盘螺",
            "material": "HRB400E-10",
            "specification": "无",
            "price": "无",
            "supplier": "无"
        },
        {
            "manufacturer": "敬业中展",
            "variety": "盘螺",
            "material": "HRB400E-10",
            "specification": "无",
            "price": "无",
            "supplier": "无"
        },
        {
            "manufacturer": "敬业中展",
            "variety": "盘螺",
            "material": "HRB400E-10",
            "specification": "无",
            "price": "无",
            "supplier": "无"
        },
        {
            "manufacturer": "敬业中展",
            "variety": "盘螺",
            "material": "HRB400E-10",
            "specification": "无",
            "price": "无",
            "supplier": "无"
        },
        {
            "manufacturer": "敬业中展",
            "variety": "盘螺",
            "material": "HRB400E-10",
            "specification": "无",
            "price": "无",
            "supplier": "无"
        }
    ]
}
2025-05-08 10:08:07 - chat2table - INFO - 批量分析完成
2025-05-08 10:08:07 - chat2table - INFO - 结果已保存到: output/result_1746670087.json
